TN:
SF:src/SingleSidedPT.sol
FN:125,SingleSidedPTcore._deployFunds
FNDA:4508,SingleSidedPTcore._deployFunds
FN:129,SingleSidedPTcore._invest
FNDA:8486,SingleSidedPTcore._invest
DA:131,8486
DA:131,8486
DA:132,8486
DA:132,8486
DA:135,8486
DA:135,8486
DA:136,8486
DA:136,8486
DA:136,8486
DA:138,8486
DA:138,8486
DA:148,8486
DA:148,8486
FN:151,SingleSidedPTcore._freeFunds
FNDA:3183,SingleSidedPTcore._freeFunds
DA:153,3183
DA:153,3183
DA:153,3183
DA:154,3183
DA:154,3183
DA:154,3183
DA:154,3183
DA:155,3183
DA:155,3183
DA:155,3183
DA:156,3183
DA:156,3183
FN:159,SingleSidedPTcore._uninvest
FNDA:4243,SingleSidedPTcore._uninvest
DA:160,4243
DA:160,4243
BRDA:160,0,0,-
BRDA:160,0,1,4243
DA:160,0
DA:162,4243
DA:162,4243
BRDA:162,1,0,-
BRDA:162,1,1,1
DA:164,1
DA:164,1
DA:171,4242
DA:171,4242
DA:173,4242
DA:173,4242
DA:180,4242
DA:180,4242
BRDA:180,2,0,-
BRDA:180,2,1,4242
DA:180,0
DA:184,4243
DA:184,4243
DA:185,4243
DA:185,4243
FN:194,SingleSidedPTcore._harvestAndReport
FNDA:9546,SingleSidedPTcore._harvestAndReport
DA:199,9546
DA:199,9546
DA:199,9546
DA:199,9546
BRDA:199,3,0,8486
BRDA:199,3,1,8486
DA:200,8486
DA:200,8486
DA:200,8486
DA:201,8486
DA:201,8486
BRDA:201,4,0,8486
BRDA:201,4,1,8486
DA:202,8486
DA:202,8486
DA:206,9546
DA:206,9546
FN:212,SingleSidedPTcore._SYtoPT
FNDA:8486,SingleSidedPTcore._SYtoPT
DA:213,8486
DA:213,8486
DA:214,8486
DA:214,8486
DA:215,8486
DA:215,8486
FN:218,SingleSidedPTcore._PTtoSY
FNDA:10606,SingleSidedPTcore._PTtoSY
DA:219,10606
DA:219,10606
DA:220,10606
DA:220,10606
FN:225,SingleSidedPTcore._PTtoAsset
FNDA:10606,SingleSidedPTcore._PTtoAsset
DA:226,10606
DA:226,10606
DA:226,10606
FN:229,SingleSidedPTcore._tend
FNDA:0,SingleSidedPTcore._tend
DA:230,0
DA:230,0
DA:230,0
DA:231,0
DA:231,0
BRDA:231,5,0,-
BRDA:231,5,1,-
DA:232,0
DA:232,0
FN:236,SingleSidedPTcore._tendTrigger
FNDA:0,SingleSidedPTcore._tendTrigger
DA:238,0
DA:238,0
DA:238,0
DA:238,0
DA:238,0
DA:238,0
DA:239,0
DA:239,0
DA:239,0
DA:240,0
DA:240,0
DA:240,0
DA:241,0
DA:241,0
DA:242,0
DA:242,0
BRDA:237,6,0,-
BRDA:237,6,1,-
DA:244,0
DA:244,0
FN:248,SingleSidedPTcore.availableDepositLimit
FNDA:4508,SingleSidedPTcore.availableDepositLimit
DA:252,4508
DA:252,4508
BRDA:252,7,0,4508
BRDA:252,7,1,-
DA:253,4508
DA:253,4508
DA:253,4508
DA:254,4508
DA:254,4508
BRDA:254,8,0,4508
BRDA:254,8,1,-
DA:255,4508
DA:255,4508
DA:255,4508
DA:257,0
DA:257,0
DA:260,0
DA:260,0
FN:264,SingleSidedPTcore.availableWithdrawLimit
FNDA:6628,SingleSidedPTcore.availableWithdrawLimit
DA:267,6628
DA:267,6628
DA:267,6628
DA:267,6628
FN:270,SingleSidedPTcore._balanceAsset
FNDA:27850,SingleSidedPTcore._balanceAsset
DA:271,27850
DA:271,27850
DA:271,27850
FN:274,SingleSidedPTcore._balancePT
FNDA:15912,SingleSidedPTcore._balancePT
DA:275,15912
DA:275,15912
DA:275,15912
FN:278,SingleSidedPTcore._isExpired
FNDA:13791,SingleSidedPTcore._isExpired
DA:279,13791
DA:279,13791
DA:279,13791
FN:282,SingleSidedPTcore._checkOracle
FNDA:1,SingleSidedPTcore._checkOracle
DA:286,1
DA:286,1
DA:290,1
DA:290,1
DA:291,1
DA:291,1
DA:291,1
BRDA:291,9,0,-
BRDA:291,9,1,1
DA:292,0
DA:292,0
FN:296,SingleSidedPTcore._min
FNDA:8486,SingleSidedPTcore._min
DA:297,8486
DA:297,8486
DA:297,8486
FN:300,SingleSidedPTcore.balanceAsset
FNDA:7,SingleSidedPTcore.balanceAsset
DA:301,7
DA:301,7
DA:301,7
FN:304,SingleSidedPTcore.balancePT
FNDA:2122,SingleSidedPTcore.balancePT
DA:305,2122
DA:305,2122
DA:305,2122
FN:308,SingleSidedPTcore.isExpired
FNDA:1,SingleSidedPTcore.isExpired
DA:309,1
DA:309,1
DA:309,1
FN:319,SingleSidedPTcore.setRouterParams
FNDA:0,SingleSidedPTcore.setRouterParams
DA:325,0
DA:325,0
DA:326,0
DA:326,0
DA:327,0
DA:327,0
DA:328,0
DA:328,0
FN:335,SingleSidedPTcore.setOracleDuration
FNDA:0,SingleSidedPTcore.setOracleDuration
DA:338,0
DA:338,0
BRDA:338,10,0,-
BRDA:338,10,1,-
DA:339,0
DA:339,0
DA:340,0
DA:340,0
FN:347,SingleSidedPTcore.setMaxSingleTrade
FNDA:42,SingleSidedPTcore.setMaxSingleTrade
DA:350,42
DA:350,42
BRDA:350,11,0,-
BRDA:350,11,1,42
DA:351,42
DA:351,42
FN:358,SingleSidedPTcore.setMaxSingleWithdraw
FNDA:0,SingleSidedPTcore.setMaxSingleWithdraw
DA:361,0
DA:361,0
BRDA:361,12,0,-
BRDA:361,12,1,-
DA:362,0
DA:362,0
FN:369,SingleSidedPTcore.setDepositLimit
FNDA:0,SingleSidedPTcore.setDepositLimit
DA:370,0
DA:370,0
FN:377,SingleSidedPTcore.setMinAssetAmountToPT
FNDA:0,SingleSidedPTcore.setMinAssetAmountToPT
DA:380,0
DA:380,0
FN:387,SingleSidedPTcore.setMaxTendBasefee
FNDA:0,SingleSidedPTcore.setMaxTendBasefee
DA:390,0
DA:390,0
FN:397,SingleSidedPTcore.setDepositTrigger
FNDA:0,SingleSidedPTcore.setDepositTrigger
DA:400,0
DA:400,0
FN:407,SingleSidedPTcore.setSwapSlippageBPS
FNDA:42,SingleSidedPTcore.setSwapSlippageBPS
DA:410,42
DA:410,42
BRDA:410,13,0,-
BRDA:410,13,1,42
DA:411,42
DA:411,42
FN:418,SingleSidedPTcore.setBufferSlippageBPS
FNDA:0,SingleSidedPTcore.setBufferSlippageBPS
DA:421,0
DA:421,0
BRDA:421,14,0,-
BRDA:421,14,1,-
DA:422,0
DA:422,0
FN:429,SingleSidedPTcore.setDepositInterval
FNDA:0,SingleSidedPTcore.setDepositInterval
DA:433,0
DA:433,0
BRDA:433,15,0,-
BRDA:433,15,1,-
DA:434,0
DA:434,0
FN:441,SingleSidedPTcore.setOpen
FNDA:0,SingleSidedPTcore.setOpen
DA:442,0
DA:442,0
FN:450,SingleSidedPTcore.setAllowed
FNDA:0,SingleSidedPTcore.setAllowed
DA:454,0
DA:454,0
FN:462,SingleSidedPTcore.manualWithdraw
FNDA:0,SingleSidedPTcore.manualWithdraw
DA:466,0
DA:466,0
DA:467,0
DA:467,0
DA:468,0
DA:468,0
DA:468,0
DA:469,0
DA:469,0
BRDA:469,16,0,-
BRDA:469,16,1,-
DA:470,0
DA:470,0
DA:472,0
DA:472,0
DA:472,0
DA:473,0
DA:473,0
BRDA:473,17,0,-
BRDA:473,17,1,-
FN:480,SingleSidedPTcore._emergencyWithdraw
FNDA:1060,SingleSidedPTcore._emergencyWithdraw
DA:481,1060
DA:481,1060
DA:481,1060
DA:482,1060
DA:482,1060
BRDA:482,18,0,1060
BRDA:482,18,1,1060
DA:483,1060
DA:483,1060
DA:485,1060
DA:485,1060
DA:485,1060
DA:486,1060
DA:486,1060
DA:486,1060
DA:487,1060
DA:487,1060
BRDA:487,19,0,-
BRDA:487,19,1,1060
FN:500,SingleSidedPTcore.rolloverMaturity
FNDA:1,SingleSidedPTcore.rolloverMaturity
DA:504,1
DA:504,1
BRDA:504,20,0,-
BRDA:504,20,1,1
DA:505,1
DA:505,1
BRDA:505,21,0,-
BRDA:505,21,1,1
DA:506,1
DA:506,1
BRDA:506,22,0,-
BRDA:506,22,1,1
DA:509,1
DA:509,1
DA:512,1
DA:512,1
DA:512,1
DA:513,1
DA:513,1
BRDA:513,23,0,-
BRDA:513,23,1,1
DA:514,1
DA:514,1
DA:523,1
DA:523,1
DA:524,1
DA:524,1
DA:524,1
DA:526,1
DA:526,1
BRDA:526,24,0,-
BRDA:526,24,1,1
DA:527,1
DA:527,1
DA:528,1
DA:528,1
DA:529,1
DA:529,1
DA:532,1
DA:532,1
DA:532,1
DA:532,0
BRDA:532,25,0,-
BRDA:532,25,1,1
DA:532,0
DA:533,1
DA:533,1
FN:546,SingleSidedPTcore.sweep
FNDA:0,SingleSidedPTcore.sweep
DA:547,0
DA:547,0
BRDA:547,26,0,-
BRDA:547,26,1,-
DA:548,0
DA:548,0
BRDA:548,27,0,-
BRDA:548,27,1,-
DA:549,0
DA:549,0
FNF:37
FNH:22
LF:110
LH:69
BRF:56
BRH:21
end_of_record
TN:
SF:src/SingleSidedPTFactory.sol
FN:45,SingleSidedPTcoreFactory.newSingleSidedPTcore
FNDA:42,SingleSidedPTcoreFactory.newSingleSidedPTcore
DA:50,42
DA:50,42
DA:50,42
DA:54,42
DA:54,42
DA:56,42
DA:56,42
DA:58,42
DA:58,42
DA:60,42
DA:60,42
DA:62,42
DA:62,42
DA:64,42
DA:64,42
DA:66,42
DA:66,42
DA:66,42
FN:73,SingleSidedPTcoreFactory.newSingleSidedPTcore
FNDA:0,SingleSidedPTcoreFactory.newSingleSidedPTcore
DA:82,0
DA:82,0
DA:82,0
DA:86,0
DA:86,0
DA:88,0
DA:88,0
DA:90,0
DA:90,0
DA:92,0
DA:92,0
DA:94,0
DA:94,0
DA:96,0
DA:96,0
DA:98,0
DA:98,0
BRDA:98,0,0,-
BRDA:98,0,1,-
DA:99,0
DA:99,0
DA:102,0
DA:102,0
DA:104,0
DA:104,0
DA:106,0
DA:106,0
DA:108,0
DA:108,0
DA:108,0
FN:116,SingleSidedPTcoreFactory.getStrategyByMarket
FNDA:0,SingleSidedPTcoreFactory.getStrategyByMarket
DA:119,0
DA:119,0
FN:126,SingleSidedPTcoreFactory.isDeployedStrategy
FNDA:0,SingleSidedPTcoreFactory.isDeployedStrategy
DA:129,0
DA:129,0
DA:129,0
DA:130,0
DA:130,0
DA:130,0
FN:133,SingleSidedPTcoreFactory.setStrategyByMarket
FNDA:0,SingleSidedPTcoreFactory.setStrategyByMarket
DA:137,0
DA:137,0
FN:145,SingleSidedPTcoreFactory.setManagement
FNDA:0,SingleSidedPTcoreFactory.setManagement
DA:146,0
DA:146,0
BRDA:146,1,0,-
BRDA:146,1,1,-
DA:147,0
DA:147,0
FN:155,SingleSidedPTcoreFactory.setPerformanceFeeRecipient
FNDA:0,SingleSidedPTcoreFactory.setPerformanceFeeRecipient
DA:158,0
DA:158,0
BRDA:158,2,0,-
BRDA:158,2,1,-
DA:159,0
DA:159,0
FN:167,SingleSidedPTcoreFactory.setKeeper
FNDA:0,SingleSidedPTcoreFactory.setKeeper
DA:168,0
DA:168,0
FNF:8
FNH:1
LF:30
LH:8
BRF:6
BRH:0
end_of_record
